Starting Dynare (version 5.4).
Calling Dynare with arguments: none
Starting preprocessing of the model file ...
Found 19 equation(s).
Evaluating expressions...done
Computing static model derivatives (order 1).
Computing dynamic model derivatives (order 2).
Processing outputs ...
done
Preprocessing completed.





Residuals of the static equations:

Equation number 1 : 0.28 : lam
Equation number 2 : -0.075 : Exp_pi
Equation number 3 : 0 : pi
Equation number 4 : 0 : y_gap
Equation number 5 : 0 : Bias
Equation number 6 : 0 : r_nat
Equation number 7 : 0 : r_real
Equation number 8 : 0 : y_nat
Equation number 9 : 0 : 9
Equation number 10 : 0 : a
Equation number 11 : 0 : y
Equation number 12 : 0 : m_growth_ann
Equation number 13 : 0 : m_real
Equation number 14 : 0 : money_growth
Equation number 15 : 0 : 15
Equation number 16 : 0 : i_ann
Equation number 17 : 0 : r_real_ann
Equation number 18 : 0 : r_nat_ann
Equation number 19 : 0 : pi_ann


Call solver on the full nonlinear problem.

STEADY-STATE RESULTS:

pi           		 0
y_gap        		 -1.12588
y_nat        		 0
y            		 -1.12588
r_nat        		 0
r_real       		 0.145
i            		 0.145
n            		 -1.68882
m_real       		 -1.70588
m_growth_ann 		 0
money_growth 		 0
a            		 0
r_real_ann   		 0.58
i_ann        		 0.58
r_nat_ann    		 0
pi_ann       		 0
lam          		 0.0333333
Bias         		 0.021025
Exp_pi       		 0.145

EIGENVALUES:
         Modulus             Real        Imaginary

               0                0                0
               0                0                0
             0.4              0.4                0
          0.4611           0.4611                0
             0.5              0.5                0
             0.9              0.9                0
           1.311            1.311                0
            1.64             1.64                0
       2.151e+18       -2.151e+18                0


There are 3 eigenvalue(s) larger than 1 in modulus 
for 3 forward-looking variable(s)

The rank condition is verified.

MODEL_DIAGNOSTICS:  No obvious problems with this mod-file were detected.

MODEL SUMMARY

  Number of variables:         19
  Number of stochastic shocks: 3
  Number of state variables:   6
  Number of jumpers:           3
  Number of static variables:  11


MATRIX OF COVARIANCE OF EXOGENOUS SHOCKS
Variables          eps_a  eps_lambda       eps_m
eps_a           0.000000    0.000000    0.000000
eps_lambda      0.000000    0.062500    0.000000
eps_m           0.000000    0.000000    0.000000

POLICY AND TRANSITION FUNCTIONS
                                     y_gap          pi_ann           i_ann      r_real_ann          m_real    money_growth            Bias          Exp_pi
Constant                         -1.125882               0        0.580000        0.580000       -1.705882               0        0.032749        0.145000
(correction)                             0               0               0               0               0               0        0.011724               0
m_real(-1)                        0.718783        2.155638        0.257693       -0.736251        0.461090               0        0.058956        0.451783
money_growth(-1)                  0.573814        1.923546        0.554701       -0.448274        0.019113        0.500000        0.046719        0.411844
lam(-1)                          -0.007313       -0.692966       -0.180555       -0.276814        0.173241               0       -0.057453       -0.174050
a(-1)                            -0.696262       -1.777636       -0.240671        0.401216        0.444409               0       -0.057639       -0.359228
eps_a                            -0.773625       -1.975151       -0.267412        0.445796        0.493788               0       -0.064044       -0.399142
eps_lambda                       -0.018283       -1.732415       -0.451386       -0.692035        0.433104               0       -0.143633       -0.435124
eps_m                             1.147628        3.847092        1.109401       -0.896549        0.038227        1.000000        0.093438        0.823687
m_real(-1),m_real(-1)                    0               0               0               0               0               0        0.041329               0
money_growth(-1),m_real(-1)               0               0               0               0               0               0        0.065502               0
money_growth(-1),money_growth(-1)               0               0               0               0               0               0        0.025953               0
lam(-1),m_real(-1)                       0               0               0               0               0               0       -0.080552               0
lam(-1),money_growth(-1)                 0               0               0               0               0               0       -0.063832               0
lam(-1),lam(-1)                          0               0               0               0               0               0        0.039249               0
a(-1),m_real(-1)                         0               0               0               0               0               0       -0.080813               0
a(-1),money_growth(-1)                   0               0               0               0               0               0       -0.064039               0
a(-1),lam(-1)                            0               0               0               0               0               0        0.078753               0
a(-1),a(-1)                              0               0               0               0               0               0        0.039504               0
eps_a,eps_a                              0               0               0               0               0               0        0.048770               0
eps_lambda,eps_a                         0               0               0               0               0               0        0.218758               0
eps_lambda,eps_lambda                    0               0               0               0               0               0        0.245308               0
eps_m,eps_a                              0               0               0               0               0               0       -0.142309               0
eps_m,eps_lambda                         0               0               0               0               0               0       -0.319162               0
eps_m,eps_m                              0               0               0               0               0               0        0.103813               0
m_real(-1),eps_a                         0               0               0               0               0               0       -0.089792               0
m_real(-1),eps_lambda                    0               0               0               0               0               0       -0.201380               0
m_real(-1),eps_m                         0               0               0               0               0               0        0.131004               0
money_growth(-1),eps_a                   0               0               0               0               0               0       -0.071155               0
money_growth(-1),eps_lambda               0               0               0               0               0               0       -0.159581               0
money_growth(-1),eps_m                   0               0               0               0               0               0        0.103813               0
lam(-1),eps_a                            0               0               0               0               0               0        0.087503               0
lam(-1),eps_lambda                       0               0               0               0               0               0        0.196247               0
lam(-1),eps_m                            0               0               0               0               0               0       -0.127665               0
a(-1),eps_a                              0               0               0               0               0               0        0.087787               0
a(-1),eps_lambda                         0               0               0               0               0               0        0.196882               0
a(-1),eps_m                              0               0               0               0               0               0       -0.128078               0


APPROXIMATED THEORETICAL MOMENTS
VARIABLE             MEAN  STD. DEV.   VARIANCE
y_gap             -1.1259     0.1136     0.0129
pi_ann             0.0000     0.4742     0.2249
i_ann              0.5800     0.1149     0.0132
r_real_ann         0.5800     0.2563     0.0657
m_real            -1.7059     0.1604     0.0257
money_growth       0.0000     0.0000     0.0000
Bias               0.0489     0.0368     0.0014
Exp_pi             0.1450     0.1146     0.0131



APPROXIMATED VARIANCE DECOMPOSITION (in percent)
                     eps_a  eps_lambda       eps_m
y_gap                 0.00      100.00        0.00
pi_ann                0.00      100.00        0.00
i_ann                 0.00      100.00        0.00
r_real_ann            0.00      100.00        0.00
m_real                0.00      100.00        0.00
money_growth          0.00        0.00      100.00
Bias                  0.00      100.00        0.00
Exp_pi                0.00      100.00        0.00



APPROXIMATED MATRIX OF CORRELATIONS
Variables          y_gap      pi_ann       i_ann  r_real_ann      m_real        Bias      Exp_pi
y_gap             1.0000      0.4072      0.0138     -0.6981      0.6983     -0.0866      0.2979
pi_ann            0.4072      1.0000      0.9189      0.3697     -0.3695      0.8746      0.9932
i_ann             0.0138      0.9189      1.0000      0.7063     -0.7061      0.9950      0.9586
r_real_ann       -0.6981      0.3697      0.7063      1.0000     -1.0000      0.7737      0.4755
m_real            0.6983     -0.3695     -0.7061     -1.0000      1.0000     -0.7736     -0.4753
Bias             -0.0866      0.8746      0.9950      0.7737     -0.7736      1.0000      0.9252
Exp_pi            0.2979      0.9932      0.9586      0.4755     -0.4753      0.9252      1.0000



APPROXIMATED COEFFICIENTS OF AUTOCORRELATION
Order               1        2        3        4        5
y_gap          0.7031   0.4210   0.2328   0.1229   0.0628
pi_ann         0.0228  -0.1648  -0.1461  -0.0954  -0.0552
i_ann          0.1497  -0.0555  -0.0754  -0.0547  -0.0332
r_real_ann     0.7269   0.4415   0.2461   0.1305   0.0670
m_real         0.7270   0.4416   0.2462   0.1305   0.0670
Bias           0.2144   0.0002  -0.0394  -0.0339  -0.0220
Exp_pi         0.0339  -0.1553  -0.1400  -0.0919  -0.0533
Total computing time : 0h00m02s
