Starting Dynare (version 5.4).
Calling Dynare with arguments: none
Starting preprocessing of the model file ...
WARNING: in the 'steady_state_model' block, variable 'ewma' is not assigned a value
WARNING: in the 'steady_state_model' block, variable 'epinfma' is not assigned a value
WARNING: in the 'steady_state_model' block, variable 'zcapf' is not assigned a value
WARNING: in the 'steady_state_model' block, variable 'rkf' is not assigned a value
WARNING: in the 'steady_state_model' block, variable 'kf' is not assigned a value
WARNING: in the 'steady_state_model' block, variable 'pkf' is not assigned a value
WARNING: in the 'steady_state_model' block, variable 'cf' is not assigned a value
WARNING: in the 'steady_state_model' block, variable 'invef' is not assigned a value
WARNING: in the 'steady_state_model' block, variable 'yf' is not assigned a value
WARNING: in the 'steady_state_model' block, variable 'labf' is not assigned a value
WARNING: in the 'steady_state_model' block, variable 'wf' is not assigned a value
WARNING: in the 'steady_state_model' block, variable 'rrf' is not assigned a value
WARNING: in the 'steady_state_model' block, variable 'mc' is not assigned a value
WARNING: in the 'steady_state_model' block, variable 'zcap' is not assigned a value
WARNING: in the 'steady_state_model' block, variable 'rk' is not assigned a value
WARNING: in the 'steady_state_model' block, variable 'k' is not assigned a value
WARNING: in the 'steady_state_model' block, variable 'pk' is not assigned a value
WARNING: in the 'steady_state_model' block, variable 'c' is not assigned a value
WARNING: in the 'steady_state_model' block, variable 'inve' is not assigned a value
WARNING: in the 'steady_state_model' block, variable 'y' is not assigned a value
WARNING: in the 'steady_state_model' block, variable 'lab' is not assigned a value
WARNING: in the 'steady_state_model' block, variable 'pinf' is not assigned a value
WARNING: in the 'steady_state_model' block, variable 'w' is not assigned a value
WARNING: in the 'steady_state_model' block, variable 'r' is not assigned a value
WARNING: in the 'steady_state_model' block, variable 'a' is not assigned a value
WARNING: in the 'steady_state_model' block, variable 'b' is not assigned a value
WARNING: in the 'steady_state_model' block, variable 'g' is not assigned a value
WARNING: in the 'steady_state_model' block, variable 'qs' is not assigned a value
WARNING: in the 'steady_state_model' block, variable 'ms' is not assigned a value
WARNING: in the 'steady_state_model' block, variable 'spinf' is not assigned a value
WARNING: in the 'steady_state_model' block, variable 'sw' is not assigned a value
WARNING: in the 'steady_state_model' block, variable 'kpf' is not assigned a value
WARNING: in the 'steady_state_model' block, variable 'kp' is not assigned a value
WARNING: in the 'steady_state_model' block, variable 'Exp_inf' is not assigned a value
WARNING: in the 'steady_state_model' block, variable 'Bias' is not assigned a value
WARNING: in the 'steady_state_model' block, variable 'alpha' is not assigned a value
Found 43 equation(s).
Evaluating expressions...done
Computing static model derivatives (order 1).
Computing dynamic model derivatives (order 2).
Processing outputs ...
done
Preprocessing completed.


You did not declare endogenous variables after the estimation/calib_smoother command.
The posterior mode file usmodel_mode has been generated using an older version of Dynare. It cannot be verified if it matches the present model. Proceed at your own risk.

[Warning: Some of the parameters have no value (ccs, cinvs, crdpi) when using initial_estimation_checks. If these parameters are not initialized in a steadystate file or a
steady_state_model-block, Dynare may not be able to solve the model. Note that simul, perfect_foresight_setup, and perfect_foresight_solver do not automatically call the
steady state file.] 
Initial value of the log posterior (or likelihood): -958.8604

RESULTS FROM POSTERIOR ESTIMATION
parameters
           prior mean     mode    s.d.  prior pstdev

crhoa          0.5000   0.9588  0.0102   beta 0.2000 
crhob          0.5000   0.1824  0.0840   beta 0.2000 
crhog          0.5000   0.9762  0.0082   beta 0.2000 
crhoqs         0.5000   0.7096  0.0590   beta 0.2000 
crhoms         0.5000   0.1271  0.0654   beta 0.2000 
crhopinf       0.5000   0.9038  0.0465   beta 0.2000 
crhow          0.5000   0.9719  0.0128   beta 0.2000 
cmap           0.5000   0.7449  0.0868   beta 0.2000 
cmaw           0.5000   0.8881  0.0511   beta 0.2000 
csadjcost      4.0000   5.4882  1.0291   norm 1.5000 
csigma         1.5000   1.3952  0.1309   norm 0.3750 
chabb          0.7000   0.7124  0.0415   beta 0.1000 
cprobw         0.5000   0.7375  0.0706   beta 0.1000 
csigl          2.0000   1.9199  0.6190   norm 0.7500 
cprobp         0.5000   0.6563  0.0583   beta 0.1000 
cindw          0.5000   0.5920  0.1330   beta 0.1500 
cindp          0.5000   0.2284  0.0919   beta 0.1500 
czcap          0.5000   0.5472  0.1154   beta 0.1500 
cfc            1.2500   1.6150  0.0777   norm 0.1250 
crpi           1.5000   2.0295  0.1812   norm 0.2500 
crr            0.7500   0.8153  0.0244   beta 0.1000 
cry            0.1250   0.0847  0.0225   norm 0.0500 
crdy           0.1250   0.2229  0.0273   norm 0.0500 
constepinf     0.6250   0.8180  0.0977   gamm 0.1000 
constebeta     0.2500   0.1607  0.0605   gamm 0.1000 
constelab      0.0000  -0.1031  0.6051   norm 2.0000 
ctrend         0.4000   0.4320  0.0142   norm 0.1000 
cgy            0.5000   0.5261  0.0888   norm 0.2500 
calfa          0.3000   0.1928  0.0175   norm 0.0500 

standard deviation of shocks
           prior mean     mode    s.d.  prior pstdev

ea             0.1000   0.4518  0.0275   invg 2.0000 
eb             0.1000   0.2425  0.0233   invg 2.0000 
eg             0.1000   0.5200  0.0298   invg 2.0000 
eqs            0.1000   0.4501  0.0484   invg 2.0000 
em             0.1000   0.2398  0.0147   invg 2.0000 
epinf          0.1000   0.1411  0.0167   invg 2.0000 
ew             0.1000   0.2444  0.0221   invg 2.0000 


Log data density [Laplace approximation] is -1040.451001.

[Warning: Some of the parameters have no value (ccs, cinvs, crdpi) when using stoch_simul. If these parameters are not initialized in a steadystate file or a
steady_state_model-block, Dynare may not be able to solve the model. Note that simul, perfect_foresight_setup, and perfect_foresight_solver do not automatically call the
steady state file.] 

MODEL SUMMARY

  Number of variables:         43
  Number of stochastic shocks: 8
  Number of state variables:   21
  Number of jumpers:           12
  Number of static variables:  16


MATRIX OF COVARIANCE OF EXOGENOUS SHOCKS
Variables           ea         eb         eg        eqs         em      epinf         ew  eps_alpha
ea            0.204113   0.000000   0.000000   0.000000   0.000000   0.000000   0.000000   0.000000
eb            0.000000   0.058787   0.000000   0.000000   0.000000   0.000000   0.000000   0.000000
eg            0.000000   0.000000   0.270411   0.000000   0.000000   0.000000   0.000000   0.000000
eqs           0.000000   0.000000   0.000000   0.202596   0.000000   0.000000   0.000000   0.000000
em            0.000000   0.000000   0.000000   0.000000   0.057523   0.000000   0.000000   0.000000
epinf         0.000000   0.000000   0.000000   0.000000   0.000000   0.019916   0.000000   0.000000
ew            0.000000   0.000000   0.000000   0.000000   0.000000   0.000000   0.059727   0.000000
eps_alpha     0.000000   0.000000   0.000000   0.000000   0.000000   0.000000   0.000000   0.250000

POLICY AND TRANSITION FUNCTIONS
                                  dy              dc            pinf            Bias         Exp_inf
Constant                    0.432026        0.432026               0               0               0
ewma(-1)                    2.451167        3.062821       -4.114090        0.900816       -5.014906
epinfma(-1)                 2.987014        1.156435       -5.663727        0.529525       -6.193252
yf(-1)                     -0.148366       -0.155335       -0.036494        0.007750       -0.044243
y(-1)                      -0.851634        0.155335        0.036494       -0.007750        0.044243
r(-1)                      -0.542630       -0.568118       -0.133471        0.028344       -0.161815
a(-1)                       0.256959        0.245421       -0.190050        0.021354       -0.211404
b(-1)                       0.311965        0.381804        0.018194       -0.002985        0.021179
g(-1)                       0.917921       -0.112198        0.031279       -0.005372        0.036652
qs(-1)                      0.463556       -0.040830        0.065826       -0.013701        0.079527
ms(-1)                     -0.095650       -0.099289       -0.024408        0.005196       -0.029604
spinf(-1)                  -3.624362       -1.403186        6.872213       -0.642512        7.514725
sw(-1)                     -2.682190       -3.351493        4.501844       -0.985717        5.487561
kpf(-1)                     0.010757        0.010039        0.005187       -0.001156        0.006343
kp(-1)                     -0.074127        0.047736       -0.032098        0.004788       -0.036886
alpha(-1)                  -0.359249       -0.136371        1.047002        0.127476        1.299525
cf(-1)                      0.014640        0.019565       -0.002196        0.000568       -0.002764
invef(-1)                   0.008627        0.010032        0.000657       -0.000113        0.000770
c(-1)                       0.486111       -0.271240        0.018098       -0.002972        0.021070
inve(-1)                    0.155407        0.001760        0.007197       -0.001240        0.008437
pinf(-1)                   -0.103988       -0.097097        0.466294        0.125747        0.340547
w(-1)                       0.003274       -0.045577        0.117205       -0.009631        0.126836
ea                          0.762739        0.195503       -0.181363        0.019377       -0.200740
eb                          1.709965        2.092773        0.099724       -0.016363        0.116087
eg                          0.940337       -0.114938        0.032043       -0.005503        0.037547
eqs                         0.653292       -0.057543        0.092769       -0.019308        0.112078
em                         -0.752371       -0.780996       -0.191988        0.040872       -0.232860
epinf                      -1.174488       -0.583663        3.095615        0.457371        2.638245
ew                         -0.231740       -0.380197        0.612850       -0.104934        0.717784
eps_alpha                  -0.472696       -0.179435        1.377634        0.167732        1.709902


THEORETICAL MOMENTS
VARIABLE         MEAN  STD. DEV.   VARIANCE
dy             0.4320     1.3277     1.7628
dc             0.4320     1.0652     1.1347
pinf           0.0000     1.6412     2.6937
Bias           0.0000     0.3484     0.1214
Exp_inf        0.0000     1.6650     2.7721



VARIANCE DECOMPOSITION (in percent)
                  ea         eb         eg        eqs         em      epinf         ew  eps_alpha
dy              9.69      11.21      14.44       7.65       3.06       8.10       5.84      40.01
dc              3.26      25.84       1.00       0.25       5.04       7.93       9.49      47.18
pinf            1.39       0.18       0.17       0.94       1.15      13.86      10.93      71.38
Bias            0.36       0.04       0.01       0.16       0.18       7.92       1.16      90.17
Exp_inf         1.22       0.17       0.16       0.87       1.07       9.68      10.17      76.68



MATRIX OF CORRELATIONS
Variables         dy       dc     pinf     Bias  Exp_inf
dy            1.0000   0.8129  -0.6563  -0.5817  -0.6266
dc            0.8129   1.0000  -0.6631  -0.6308  -0.6213
pinf         -0.6563  -0.6631   1.0000   0.8022   0.9919
Bias         -0.5817  -0.6308   0.8022   1.0000   0.7750
Exp_inf      -0.6266  -0.6213   0.9919   0.7750   1.0000



COEFFICIENTS OF AUTOCORRELATION
Order           1       2       3       4       5
dy         0.5975  0.4571  0.3199  0.1892  0.0742
dc         0.6774  0.5135  0.3626  0.2180  0.0898
pinf       0.8360  0.6155  0.4063  0.2319  0.0971
Bias       0.9039  0.7339  0.5584  0.4027  0.2743
Exp_inf    0.8020  0.5756  0.3717  0.2063  0.0810
Total computing time : 0h00m05s
Note: 36 warning(s) encountered in the preprocessor
Note: warning(s) encountered in MATLAB/Octave code
